[INFO] Disabling enhanced local repository: using legacy is strongly discouraged to ensure build reproducibility.
[INFO] Scanning for projects...
[INFO] 
[INFO] --------------< org.example.talendtestcase.job:Copydata >---------------
[INFO] Building TALENDTESTCASE Copydata-0.1.0 (0.1,Job Designs) 0.1.0
[INFO] --------------------------------[ jar ]---------------------------------
[INFO] 
[INFO] --- builder-maven-plugin:7.2.1:generate (default) @ Copydata ---
[INFO] Skipping ci-builder
[INFO] 
[INFO] --- maven-resources-plugin:3.0.2:resources (default-resources) @ Copydata ---
[WARNING] Using platform encoding (UTF-8 actually) to copy filtered resources, i.e. build is platform dependent!
[INFO] Copying 1 resource
[INFO] 
[INFO] --- maven-compiler-plugin:3.6.1:compile (default-compile) @ Copydata ---
[INFO] Not compiling main sources
[INFO] 
[INFO] --- maven-resources-plugin:3.0.2:testResources (default-testResources) @ Copydata ---
[INFO] Not copying test resources
[INFO] 
[INFO] --- maven-compiler-plugin:3.6.1:testCompile (default-testCompile) @ Copydata ---
[INFO] Not compiling test sources
[INFO] 
[INFO] --- maven-surefire-plugin:2.20:test (default-test) @ Copydata ---
[INFO] Tests are skipped.
[INFO] 
[INFO] --- maven-jar-plugin:3.0.2:jar (default-jar) @ Copydata ---
[INFO] Building jar: C:\Talendlocal\Talend-Studio-20190620_1446-V7.2.1\workspace\TALENDTESTCASE\poms\jobs\process\copydata_0.1\target\copydata_0_1.jar
[INFO] 
[INFO] --- maven-assembly-plugin:3.0.0:single (default) @ Copydata ---
[INFO] Reading assembly descriptor: C:\Talendlocal\Talend-Studio-20190620_1446-V7.2.1\workspace\TALENDTESTCASE\poms\jobs\process\copydata_0.1/src/main/assemblies/assembly.xml
[INFO] Building zip: C:\Talendlocal\Talend-Studio-20190620_1446-V7.2.1\workspace\TALENDTESTCASE\poms\jobs\process\copydata_0.1\target\copydata_0_1.zip
[INFO] 
[INFO] --- signer-maven-plugin:7.2.1:sign (sign) @ Copydata ---
[INFO] Start to sign the job artifact
[INFO] Start to sign artifact, the source file is copydata_0_1.zip and target file is copydata_0_1_sign_.zip
[INFO] ------------------------------------------------------------------------
[INFO] BUILD SUCCESS
[INFO] ------------------------------------------------------------------------
[INFO] Total time: 5.980 s
[INFO] Finished at: 2020-01-20T19:09:23+05:30
[INFO] ------------------------------------------------------------------------
